[0mGET /hotels [36m304[0m 11.853 ms - -[0m
[0mGET /css/bootstrap.min.css [36m304[0m 3.515 ms - -[0m
[0mGET /css/styles.css [36m304[0m 3.992 ms - -[0m
[0mGET /js/bootstrap.min.js [36m304[0m 18.360 ms - -[0m
[0mGET /fonts/glyphicons-halflings-regular.woff [33m404[0m 1.697 ms - 178[0m
[0mGET /fonts/glyphicons-halflings-regular.ttf [33m404[0m 1.303 ms - 177[0m
[0mGET /hotels/details [36m304[0m 0.701 ms - -[0m
[0mGET /city [31m500[0m 9.832 ms - 1173[0m
[0mGET /city [31m500[0m 2.349 ms - 1173[0m
[0mGET /city [31m500[0m 2.097 ms - 1173[0m
[0mGET /city [31m500[0m 2.250 ms - 1173[0m
[0mGET /city [31m500[0m 2.062 ms - 1173[0m
[0mGET /city [31m500[0m 3.521 ms - 1173[0m
[0mGET /city [31m500[0m 1.254 ms - 1173[0m
[0mGET /city [31m500[0m 1.474 ms - 1173[0m
[0mGET /city [31m500[0m 1.638 ms - 1173[0m
[0mGET /city [31m500[0m 1.608 ms - 1173[0m
[0mGET /city [31m500[0m 10.795 ms - 1173[0m
[0mGET /city [31m500[0m 2.825 ms - 1450[0m
[0mGET /city [32m200[0m 3.286 ms - 5787[0m
[0mGET /css/bootstrap.min.css [36m304[0m 1.986 ms - -[0m
[0mGET /css/styles.css [36m304[0m 2.600 ms - -[0m
[0mGET /js/bootstrap.min.js [36m304[0m 0.501 ms - -[0m
[0mGET /fonts/glyphicons-halflings-regular.woff [33m404[0m 1.022 ms - 178[0m
[0mGET /fonts/glyphicons-halflings-regular.ttf [33m404[0m 0.536 ms - 177[0m
[0mGET /city [32m200[0m 2.280 ms - 10190[0m
[0mGET /css/bootstrap.min.css [36m304[0m 0.633 ms - -[0m
[0mGET /css/styles.css [36m304[0m 1.680 ms - -[0m
[0mGET /js/bootstrap.min.js [36m304[0m 0.721 ms - -[0m
[0mGET /fonts/glyphicons-halflings-regular.woff [33m404[0m 0.522 ms - 178[0m
[0mGET /fonts/glyphicons-halflings-regular.ttf [33m404[0m 1.975 ms - 177[0m
[0mGET /city [32m200[0m 2.107 ms - 10241[0m
[0mGET /css/bootstrap.min.css [36m304[0m 0.888 ms - -[0m
[0mGET /css/styles.css [36m304[0m 1.758 ms - -[0m
[0mGET /js/bootstrap.min.js [36m304[0m 0.554 ms - -[0m
[0mGET /fonts/glyphicons-halflings-regular.woff [33m404[0m 2.356 ms - 178[0m
[0mGET /fonts/glyphicons-halflings-regular.ttf [33m404[0m 0.507 ms - 177[0m
[0mGET /city [32m200[0m 1.643 ms - 10163[0m
[0mGET /css/bootstrap.min.css [36m304[0m 0.668 ms - -[0m
[0mGET /css/styles.css [36m304[0m 1.591 ms - -[0m
[0mGET /js/bootstrap.min.js [36m304[0m 0.863 ms - -[0m
[0mGET /fonts/glyphicons-halflings-regular.woff [33m404[0m 0.514 ms - 178[0m
[0mGET /fonts/glyphicons-halflings-regular.ttf [33m404[0m 0.464 ms - 177[0m
[0mGET /city [36m304[0m 2.198 ms - -[0m
[0mGET /css/bootstrap.min.css [36m304[0m 0.376 ms - -[0m
[0mGET /css/styles.css [36m304[0m 0.630 ms - -[0m
[0mGET /js/bootstrap.min.js [36m304[0m 0.444 ms - -[0m
[0mGET /fonts/glyphicons-halflings-regular.woff [33m404[0m 0.731 ms - 178[0m
[0mGET /fonts/glyphicons-halflings-regular.ttf [33m404[0m 0.629 ms - 177[0m
[0mGET /city [36m304[0m 2.071 ms - -[0m
[0mGET /css/bootstrap.min.css [36m304[0m 0.851 ms - -[0m
[0mGET /css/styles.css [36m304[0m 1.761 ms - -[0m
[0mGET /js/bootstrap.min.js [36m304[0m 0.743 ms - -[0m
[0mGET /fonts/glyphicons-halflings-regular.woff [33m404[0m 0.594 ms - 178[0m
[0mGET /fonts/glyphicons-halflings-regular.ttf [33m404[0m 0.440 ms - 177[0m
[0mGET /city [32m200[0m 3.104 ms - 10201[0m
[0mGET /css/bootstrap.min.css [36m304[0m 0.974 ms - -[0m
[0mGET /css/styles.css [36m304[0m 1.504 ms - -[0m
[0mGET /js/bootstrap.min.js [36m304[0m 1.540 ms - -[0m
[0mGET /fonts/glyphicons-halflings-regular.woff [33m404[0m 0.559 ms - 178[0m
[0mGET /fonts/glyphicons-halflings-regular.ttf [33m404[0m 0.485 ms - 177[0m
[0mGET /city [32m200[0m 3.647 ms - 10239[0m
[0mGET /css/bootstrap.min.css [36m304[0m 0.563 ms - -[0m
[0mGET /css/styles.css [36m304[0m 1.386 ms - -[0m
[0mGET /js/bootstrap.min.js [36m304[0m 0.549 ms - -[0m
[0mGET /fonts/glyphicons-halflings-regular.woff [33m404[0m 0.739 ms - 178[0m
[0mGET /fonts/glyphicons-halflings-regular.ttf [33m404[0m 0.546 ms - 177[0m
[0mGET / [32m200[0m 3.128 ms - 4922[0m
[0mGET /css/bootstrap.min.css [36m304[0m 1.643 ms - -[0m
[0mGET /css/styles.css [36m304[0m 2.751 ms - -[0m
[0mGET /js/bootstrap.min.js [36m304[0m 2.389 ms - -[0m
[0mGET /fonts/glyphicons-halflings-regular.woff [33m404[0m 0.524 ms - 178[0m
[0mGET /fonts/glyphicons-halflings-regular.ttf [33m404[0m 0.987 ms - 177[0m
[0mGET /city [32m200[0m 2.408 ms - 10137[0m
[0mGET /css/bootstrap.min.css [36m304[0m 0.997 ms - -[0m
[0mGET /css/styles.css [36m304[0m 1.775 ms - -[0m
[0mGET /js/bootstrap.min.js [36m304[0m 0.542 ms - -[0m
[0mGET /fonts/glyphicons-halflings-regular.woff [33m404[0m 0.496 ms - 178[0m
[0mGET /fonts/glyphicons-halflings-regular.ttf [33m404[0m 0.502 ms - 177[0m
[0mGET / [36m304[0m 1.339 ms - -[0m
[0mGET /css/bootstrap.min.css [36m304[0m 0.500 ms - -[0m
[0mGET /css/styles.css [36m304[0m 1.701 ms - -[0m
[0mGET /js/bootstrap.min.js [36m304[0m 2.843 ms - -[0m
[0mGET /fonts/glyphicons-halflings-regular.woff [33m404[0m 0.572 ms - 178[0m
[0mGET /fonts/glyphicons-halflings-regular.ttf [33m404[0m 0.440 ms - 177[0m
[0mGET /city [36m304[0m 1.849 ms - -[0m
[0mGET /css/bootstrap.min.css [36m304[0m 1.373 ms - -[0m
[0mGET /css/styles.css [36m304[0m 1.891 ms - -[0m
[0mGET /js/bootstrap.min.js [36m304[0m 0.558 ms - -[0m
[0mGET /fonts/glyphicons-halflings-regular.woff [33m404[0m 0.528 ms - 178[0m
[0mGET /fonts/glyphicons-halflings-regular.ttf [33m404[0m 0.622 ms - 177[0m
[0mGET / [36m304[0m 1.142 ms - -[0m
[0mGET /css/bootstrap.min.css [36m304[0m 0.796 ms - -[0m
[0mGET /css/styles.css [36m304[0m 2.892 ms - -[0m
[0mGET /js/bootstrap.min.js [36m304[0m 1.149 ms - -[0m
[0mGET /fonts/glyphicons-halflings-regular.woff [33m404[0m 0.477 ms - 178[0m
[0mGET /fonts/glyphicons-halflings-regular.ttf [33m404[0m 0.536 ms - 177[0m
[0mGET /hotels [36m304[0m 2.006 ms - -[0m
[0mGET /css/bootstrap.min.css [36m304[0m 0.504 ms - -[0m
[0mGET /css/styles.css [36m304[0m 1.240 ms - -[0m
[0mGET /js/bootstrap.min.js [36m304[0m 0.491 ms - -[0m
[0mGET /fonts/glyphicons-halflings-regular.woff [33m404[0m 0.474 ms - 178[0m
[0mGET /fonts/glyphicons-halflings-regular.ttf [33m404[0m 1.557 ms - 177[0m
[0mGET / [32m200[0m 100.374 ms - 4922[0m
[0mGET /css/styles.css [32m200[0m 4.149 ms - 2512[0m
[0mGET /css/bootstrap.min.css [32m200[0m 4.888 ms - 109518[0m
[0mGET /js/bootstrap.min.js [32m200[0m 116.829 ms - 31819[0m
[0mGET /fonts/glyphicons-halflings-regular.woff [33m404[0m 1.485 ms - 178[0m
[0mGET /fonts/glyphicons-halflings-regular.ttf [33m404[0m 0.735 ms - 177[0m
[0mGET /favicon.ico [33m404[0m 0.984 ms - 150[0m
[0mGET / [36m304[0m 11.567 ms - -[0m
[0mGET /css/bootstrap.min.css [36m304[0m 2.022 ms - -[0m
[0mGET /css/styles.css [36m304[0m 2.934 ms - -[0m
[0mGET /js/bootstrap.min.js [36m304[0m 0.590 ms - -[0m
[0mGET /fonts/glyphicons-halflings-regular.woff [33m404[0m 2.801 ms - 178[0m
[0mGET /fonts/glyphicons-halflings-regular.ttf [33m404[0m 0.737 ms - 177[0m
[0mGET /hotels [32m200[0m 33.568 ms - 18978[0m
[0mGET /css/bootstrap.min.css [36m304[0m 1.082 ms - -[0m
[0mGET /css/styles.css [36m304[0m 3.825 ms - -[0m
[0mGET /js/bootstrap.min.js [36m304[0m 0.472 ms - -[0m
[0mGET /fonts/glyphicons-halflings-regular.woff [33m404[0m 0.612 ms - 178[0m
[0mGET /fonts/glyphicons-halflings-regular.ttf [33m404[0m 0.458 ms - 177[0m
[0mGET / [36m304[0m 2.151 ms - -[0m
[0mGET /css/bootstrap.min.css [36m304[0m 1.277 ms - -[0m
[0mGET /css/styles.css [36m304[0m 1.952 ms - -[0m
[0mGET /js/bootstrap.min.js [36m304[0m 4.388 ms - -[0m
[0mGET /fonts/glyphicons-halflings-regular.woff [33m404[0m 0.481 ms - 178[0m
[0mGET /fonts/glyphicons-halflings-regular.ttf [33m404[0m 0.595 ms - 177[0m
[0mGET /city [32m200[0m 2.143 ms - 10137[0m
[0mGET /css/bootstrap.min.css [36m304[0m 1.069 ms - -[0m
[0mGET /css/styles.css [36m304[0m 1.759 ms - -[0m
[0mGET /js/bootstrap.min.js [36m304[0m 0.540 ms - -[0m
[0mGET /fonts/glyphicons-halflings-regular.woff [33m404[0m 1.045 ms - 178[0m
[0mGET /fonts/glyphicons-halflings-regular.ttf [33m404[0m 0.503 ms - 177[0m
[0mGET /city [31m500[0m 4.819 ms - 1273[0m
[0mGET /city [32m200[0m 42.606 ms - 10137[0m
[0mGET /css/bootstrap.min.css [36m304[0m 1.492 ms - -[0m
[0mGET /css/styles.css [36m304[0m 2.485 ms - -[0m
[0mGET /js/bootstrap.min.js [36m304[0m 0.542 ms - -[0m
[0mGET /fonts/glyphicons-halflings-regular.woff [33m404[0m 1.312 ms - 178[0m
[0mGET /fonts/glyphicons-halflings-regular.ttf [33m404[0m 0.982 ms - 177[0m
[0mGET / [36m304[0m 2.718 ms - -[0m
[0mGET /css/bootstrap.min.css [36m304[0m 3.183 ms - -[0m
[0mGET /css/styles.css [36m304[0m 5.022 ms - -[0m
[0mGET /js/bootstrap.min.js [36m304[0m 6.140 ms - -[0m
[0mGET /fonts/glyphicons-halflings-regular.woff [33m404[0m 0.680 ms - 178[0m
[0mGET /fonts/glyphicons-halflings-regular.ttf [33m404[0m 0.489 ms - 177[0m
[0mGET /city [36m304[0m 19.046 ms - -[0m
[0mGET /css/bootstrap.min.css [36m304[0m 0.868 ms - -[0m
[0mGET /css/styles.css [36m304[0m 1.653 ms - -[0m
[0mGET /js/bootstrap.min.js [36m304[0m 0.653 ms - -[0m
[0mGET /fonts/glyphicons-halflings-regular.woff [33m404[0m 0.540 ms - 178[0m
[0mGET /fonts/glyphicons-halflings-regular.ttf [33m404[0m 0.567 ms - 177[0m
[0mGET / [36m304[0m 4.144 ms - -[0m
[0mGET /css/bootstrap.min.css [36m304[0m 3.697 ms - -[0m
[0mGET /css/styles.css [36m304[0m 7.034 ms - -[0m
[0mGET /js/bootstrap.min.js [36m304[0m 2.416 ms - -[0m
[0mGET /fonts/glyphicons-halflings-regular.woff [33m404[0m 0.576 ms - 178[0m
[0mGET /fonts/glyphicons-halflings-regular.ttf [33m404[0m 0.512 ms - 177[0m
[0mGET /hotels [36m304[0m 53.774 ms - -[0m
[0mGET /css/bootstrap.min.css [36m304[0m 1.234 ms - -[0m
[0mGET /css/styles.css [36m304[0m 2.007 ms - -[0m
[0mGET /js/bootstrap.min.js [36m304[0m 0.498 ms - -[0m
[0mGET /fonts/glyphicons-halflings-regular.woff [33m404[0m 0.620 ms - 178[0m
[0mGET /fonts/glyphicons-halflings-regular.ttf [33m404[0m 0.974 ms - 177[0m
[0mGET /hotels [32m200[0m 116.262 ms - 19602[0m
[0mGET /css/bootstrap.min.css [36m304[0m 3.344 ms - -[0m
[0mGET /css/styles.css [36m304[0m 6.664 ms - -[0m
[0mGET /js/bootstrap.min.js [36m304[0m 0.511 ms - -[0m
[0mGET /fonts/glyphicons-halflings-regular.woff [33m404[0m 1.332 ms - 178[0m
[0mGET /fonts/glyphicons-halflings-regular.ttf [33m404[0m 1.209 ms - 177[0m
[0mGET /hotels/details%20%20%20%20%20%20%20%20%20%20%20%20%20%20%20%20%20%20%20%206360 [33m404[0m 23.219 ms - 217[0m
[0mGET /hotels/details%20%20%20%20%20%20%20%20%20%20%20%20%20%20%20%20%20%20%20%206360 [33m404[0m 4.143 ms - 217[0m
[0mGET /hotels [32m200[0m 52.092 ms - 19617[0m
[0mGET /css/bootstrap.min.css [36m304[0m 1.463 ms - -[0m
[0mGET /css/styles.css [36m304[0m 2.525 ms - -[0m
[0mGET /js/bootstrap.min.js [36m304[0m 0.544 ms - -[0m
[0mGET /fonts/glyphicons-halflings-regular.woff [33m404[0m 0.827 ms - 178[0m
[0mGET /fonts/glyphicons-halflings-regular.ttf [33m404[0m 0.852 ms - 177[0m
[0mGET /hotels/details/%20%20%20%20%20%20%20%20%20%20%20%20%20%20%20%20%20%20%20%206360 [33m404[0m 0.876 ms - 218[0m
[0mGET /hotels/details/%20%20%20%20%20%20%20%20%20%20%20%20%20%20%20%20%20%20%20%20307406 [33m404[0m 0.555 ms - 220[0m
[0mGET /hotels/details/%20%20%20%20%20%20%20%20%20%20%20%20%20%20%20%20%20%20%20%20307406 [33m404[0m 1.257 ms - 220[0m
[0mGET /hotels/details/%20%20%20%20%20%20%20%20%20%20%20%20%20%20%20%20%20%20%20%206360 [33m404[0m 1.209 ms - 218[0m
[0mGET /hotels/details/%20%20%20%20%20%20%20%20%20%20%20%20%20%20%20%20%20%20%20%206360 [33m404[0m 0.969 ms - 218[0m
[0mGET /hotels [36m304[0m 25.894 ms - -[0m
[0mGET /css/bootstrap.min.css [36m304[0m 0.551 ms - -[0m
[0mGET /css/styles.css [36m304[0m 1.358 ms - -[0m
[0mGET /js/bootstrap.min.js [36m304[0m 1.302 ms - -[0m
[0mGET /fonts/glyphicons-halflings-regular.woff [33m404[0m 0.574 ms - 178[0m
[0mGET /fonts/glyphicons-halflings-regular.ttf [33m404[0m 0.507 ms - 177[0m
[0mGET /hotels/details/%20%20%20%20%20%20%20%20%20%20%20%20%20%20%20%20%20%20%20%206360 [33m404[0m 1.011 ms - 218[0m
[0mGET /hotels/details/%20%20%20%20%20%20%20%20%20%20%20%20%20%20%20%20%20%20%20%206360 [33m404[0m 0.594 ms - 218[0m
[0mGET /hotels/details/%20%20%20%20%20%20%20%20%20%20%20%20%20%20%20%20%20%20%20%206360 [33m404[0m 0.622 ms - 218[0m
[0mGET /hotels/details/%20%20%20%20%20%20%20%20%20%20%20%20%20%20%20%20%20%20%20%206360 [33m404[0m 4.063 ms - 218[0m
[0mGET /hotels/details/%20%20%20%20%20%20%20%20%20%20%20%20%20%20%20%20%20%20%20%206360 [33m404[0m 1.145 ms - 218[0m
[0mGET /hotels/details/%20%20%20%20%20%20%20%20%20%20%20%20%20%20%20%20%20%20%20%206360 [33m404[0m 4.842 ms - 218[0m
[0mGET /hotels [31m500[0m 85.768 ms - 2262[0m
[0mGET /hotels [31m500[0m 16.003 ms - 2262[0m
[0mGET /hotels [32m200[0m 42.463 ms - 19257[0m
[0mGET /css/bootstrap.min.css [36m304[0m 1.487 ms - -[0m
[0mGET /css/styles.css [36m304[0m 2.808 ms - -[0m
[0mGET /js/bootstrap.min.js [36m304[0m 0.655 ms - -[0m
[0mGET /fonts/glyphicons-halflings-regular.woff [33m404[0m 0.685 ms - 178[0m
[0mGET /fonts/glyphicons-halflings-regular.ttf [33m404[0m 0.989 ms - 177[0m
[0mGET /hotels/details/6360 [33m404[0m 0.643 ms - 158[0m
[0mGET /hotels/details/6360 [33m404[0m 2.314 ms - 158[0m
[0mGET /hotels/details/2008 [33m404[0m 0.678 ms - 158[0m
[0mGET /hotels/details/2008 [0m-[0m - ms - -[0m
[0mGET /hotels [36m304[0m 33.486 ms - -[0m
[0mGET /css/bootstrap.min.css [36m304[0m 1.848 ms - -[0m
[0mGET /css/styles.css [36m304[0m 2.565 ms - -[0m
[0mGET /js/bootstrap.min.js [36m304[0m 0.688 ms - -[0m
[0mGET /fonts/glyphicons-halflings-regular.woff [33m404[0m 1.410 ms - 178[0m
[0mGET /fonts/glyphicons-halflings-regular.ttf [33m404[0m 0.735 ms - 177[0m
[0mGET /hotels/details/6360 [0m-[0m - ms - -[0m
[0mGET / [36m304[0m 2.343 ms - -[0m
[0mGET /css/bootstrap.min.css [36m304[0m 2.292 ms - -[0m
[0mGET /js/bootstrap.min.js [36m304[0m 3.433 ms - -[0m
[0mGET /css/styles.css [36m304[0m 5.616 ms - -[0m
[0mGET /fonts/glyphicons-halflings-regular.woff [33m404[0m 0.494 ms - 178[0m
[0mGET /fonts/glyphicons-halflings-regular.ttf [33m404[0m 1.583 ms - 177[0m
[0mGET /hotels [36m304[0m 18.651 ms - -[0m
[0mGET /css/bootstrap.min.css [36m304[0m 0.561 ms - -[0m
[0mGET /css/styles.css [36m304[0m 2.357 ms - -[0m
[0mGET /js/bootstrap.min.js [36m304[0m 0.452 ms - -[0m
[0mGET /fonts/glyphicons-halflings-regular.woff [33m404[0m 0.909 ms - 178[0m
[0mGET /fonts/glyphicons-halflings-regular.ttf [33m404[0m 0.570 ms - 177[0m
[0mGET /hotels/details/6360 [0m-[0m - ms - -[0m
[0mGET /hotels/details/18453961 [0m-[0m - ms - -[0m
[0mGET /hotels/details/6508401 [0m-[0m - ms - -[0m
[0mGET / [36m304[0m 1.559 ms - -[0m
[0mGET /css/styles.css [36m304[0m 0.725 ms - -[0m
[0mGET /css/bootstrap.min.css [36m304[0m 1.528 ms - -[0m
[0mGET /js/bootstrap.min.js [36m304[0m 0.473 ms - -[0m
[0mGET /fonts/glyphicons-halflings-regular.woff [33m404[0m 0.482 ms - 178[0m
[0mGET /fonts/glyphicons-halflings-regular.ttf [33m404[0m 1.028 ms - 177[0m
[0mGET /hotels [36m304[0m 19.813 ms - -[0m
[0mGET /css/bootstrap.min.css [36m304[0m 1.410 ms - -[0m
[0mGET /css/styles.css [36m304[0m 4.199 ms - -[0m
[0mGET /js/bootstrap.min.js [36m304[0m 0.773 ms - -[0m
[0mGET /fonts/glyphicons-halflings-regular.woff [33m404[0m 0.790 ms - 178[0m
[0mGET /fonts/glyphicons-halflings-regular.ttf [33m404[0m 0.921 ms - 177[0m
[0mGET /hotels/details/6360 [0m-[0m - ms - -[0m
[0mGET / [36m304[0m 8.561 ms - -[0m
[0mGET /css/styles.css [36m304[0m 2.278 ms - -[0m
[0mGET /css/bootstrap.min.css [36m304[0m 2.909 ms - -[0m
[0mGET /js/bootstrap.min.js [36m304[0m 0.730 ms - -[0m
[0mGET /fonts/glyphicons-halflings-regular.woff [33m404[0m 1.486 ms - 178[0m
[0mGET /fonts/glyphicons-halflings-regular.ttf [33m404[0m 0.995 ms - 177[0m
[0mGET / [36m304[0m 2.208 ms - -[0m
[0mGET /css/bootstrap.min.css [36m304[0m 1.178 ms - -[0m
[0mGET /css/styles.css [36m304[0m 2.488 ms - -[0m
[0mGET /js/bootstrap.min.js [36m304[0m 4.103 ms - -[0m
[0mGET /fonts/glyphicons-halflings-regular.woff [33m404[0m 0.549 ms - 178[0m
[0mGET /fonts/glyphicons-halflings-regular.ttf [33m404[0m 0.512 ms - 177[0m
[0mGET /hotels [36m304[0m 20.059 ms - -[0m
[0mGET /css/bootstrap.min.css [36m304[0m 1.320 ms - -[0m
[0mGET /css/styles.css [36m304[0m 1.574 ms - -[0m
[0mGET /js/bootstrap.min.js [36m304[0m 0.519 ms - -[0m
[0mGET /fonts/glyphicons-halflings-regular.woff [33m404[0m 0.778 ms - 178[0m
[0mGET /fonts/glyphicons-halflings-regular.ttf [33m404[0m 0.569 ms - 177[0m
[0mGET /hotels/details/6360 [0m-[0m - ms - -[0m
[0mGET /hotels/details/307406 [0m-[0m - ms - -[0m
[0mGET / [36m304[0m 2.117 ms - -[0m
[0mGET /css/bootstrap.min.css [36m304[0m 0.657 ms - -[0m
[0mGET /css/styles.css [36m304[0m 2.477 ms - -[0m
[0mGET /js/bootstrap.min.js [36m304[0m 1.828 ms - -[0m
[0mGET /fonts/glyphicons-halflings-regular.woff [33m404[0m 0.524 ms - 178[0m
[0mGET /fonts/glyphicons-halflings-regular.ttf [33m404[0m 1.252 ms - 177[0m
[0mGET / [36m304[0m 2.499 ms - -[0m
[0mGET /css/bootstrap.min.css [36m304[0m 0.836 ms - -[0m
[0mGET /css/styles.css [36m304[0m 1.731 ms - -[0m
[0mGET /js/bootstrap.min.js [36m304[0m 3.198 ms - -[0m
[0mGET /fonts/glyphicons-halflings-regular.woff [33m404[0m 0.513 ms - 178[0m
[0mGET /fonts/glyphicons-halflings-regular.ttf [33m404[0m 0.674 ms - 177[0m
[0mGET /hotels [32m200[0m 24.483 ms - 19242[0m
[0mGET /css/bootstrap.min.css [36m304[0m 0.552 ms - -[0m
[0mGET /css/styles.css [36m304[0m 1.354 ms - -[0m
[0mGET /js/bootstrap.min.js [36m304[0m 0.575 ms - -[0m
[0mGET /fonts/glyphicons-halflings-regular.woff [33m404[0m 0.917 ms - 178[0m
[0mGET /fonts/glyphicons-halflings-regular.ttf [33m404[0m 0.969 ms - 177[0m
[0mGET /hotel/details/6360 [33m404[0m 0.587 ms - 157[0m
[0mGET /hotel/details/6360 [33m404[0m 0.822 ms - 157[0m
[0mGET / [36m304[0m 2.475 ms - -[0m
[0mGET /css/bootstrap.min.css [36m304[0m 1.377 ms - -[0m
[0mGET /css/styles.css [36m304[0m 1.912 ms - -[0m
[0mGET /js/bootstrap.min.js [36m304[0m 3.234 ms - -[0m
[0mGET /fonts/glyphicons-halflings-regular.woff [33m404[0m 0.501 ms - 178[0m
[0mGET /fonts/glyphicons-halflings-regular.ttf [33m404[0m 0.665 ms - 177[0m
[0mGET /hotels [32m200[0m 28.165 ms - 19257[0m
[0mGET /css/bootstrap.min.css [36m304[0m 0.619 ms - -[0m
[0mGET /css/styles.css [36m304[0m 1.558 ms - -[0m
[0mGET /js/bootstrap.min.js [36m304[0m 0.553 ms - -[0m
[0mGET /fonts/glyphicons-halflings-regular.woff [33m404[0m 0.755 ms - 178[0m
[0mGET /fonts/glyphicons-halflings-regular.ttf [33m404[0m 1.598 ms - 177[0m
[0mGET /hotels/details/6360 [0m-[0m - ms - -[0m
[0mGET / [36m304[0m 9.021 ms - -[0m
[0mGET /css/bootstrap.min.css [36m304[0m 3.475 ms - -[0m
[0mGET /css/styles.css [36m304[0m 3.799 ms - -[0m
[0mGET /js/bootstrap.min.js [36m304[0m 5.118 ms - -[0m
[0mGET /fonts/glyphicons-halflings-regular.woff [33m404[0m 1.533 ms - 178[0m
[0mGET /fonts/glyphicons-halflings-regular.ttf [33m404[0m 1.017 ms - 177[0m
[0mGET / [36m304[0m 1.494 ms - -[0m
[0mGET /css/bootstrap.min.css [36m304[0m 0.873 ms - -[0m
[0mGET /css/styles.css [36m304[0m 1.816 ms - -[0m
[0mGET /js/bootstrap.min.js [36m304[0m 3.456 ms - -[0m
[0mGET /fonts/glyphicons-halflings-regular.woff [33m404[0m 0.751 ms - 178[0m
[0mGET /fonts/glyphicons-halflings-regular.ttf [33m404[0m 0.564 ms - 177[0m
[0mGET /hotels [36m304[0m 22.950 ms - -[0m
[0mGET /css/bootstrap.min.css [36m304[0m 1.373 ms - -[0m
[0mGET /css/styles.css [36m304[0m 4.035 ms - -[0m
[0mGET /js/bootstrap.min.js [36m304[0m 0.579 ms - -[0m
[0mGET /fonts/glyphicons-halflings-regular.woff [33m404[0m 0.812 ms - 178[0m
[0mGET /fonts/glyphicons-halflings-regular.ttf [33m404[0m 0.773 ms - 177[0m
[0mGET /hotels [36m304[0m 17.323 ms - -[0m
[0mGET /css/bootstrap.min.css [36m304[0m 0.645 ms - -[0m
[0mGET /css/styles.css [36m304[0m 2.469 ms - -[0m
[0mGET /js/bootstrap.min.js [36m304[0m 0.494 ms - -[0m
[0mGET /fonts/glyphicons-halflings-regular.woff [33m404[0m 0.494 ms - 178[0m
[0mGET /fonts/glyphicons-halflings-regular.ttf [33m404[0m 1.203 ms - 177[0m
[0mGET /hotels/details/6360 [0m-[0m - ms - -[0m
[0mGET /hotels/details/6360 [0m-[0m - ms - -[0m
[0mGET / [36m304[0m 2.875 ms - -[0m
[0mGET /css/bootstrap.min.css [36m304[0m 1.702 ms - -[0m
[0mGET /js/bootstrap.min.js [36m304[0m 2.093 ms - -[0m
[0mGET /css/styles.css [36m304[0m 3.633 ms - -[0m
[0mGET /fonts/glyphicons-halflings-regular.woff [33m404[0m 0.569 ms - 178[0m
[0mGET /fonts/glyphicons-halflings-regular.ttf [33m404[0m 1.139 ms - 177[0m
[0mGET / [36m304[0m 1.215 ms - -[0m
[0mGET /css/bootstrap.min.css [36m304[0m 0.832 ms - -[0m
[0mGET /css/styles.css [36m304[0m 1.735 ms - -[0m
[0mGET /js/bootstrap.min.js [36m304[0m 3.363 ms - -[0m
[0mGET /fonts/glyphicons-halflings-regular.woff [33m404[0m 0.492 ms - 178[0m
[0mGET /fonts/glyphicons-halflings-regular.ttf [33m404[0m 0.483 ms - 177[0m
[0mGET /hotels [36m304[0m 21.368 ms - -[0m
[0mGET /css/bootstrap.min.css [36m304[0m 0.516 ms - -[0m
[0mGET /css/styles.css [36m304[0m 1.546 ms - -[0m
[0mGET /js/bootstrap.min.js [36m304[0m 0.458 ms - -[0m
[0mGET /fonts/glyphicons-halflings-regular.woff [33m404[0m 0.978 ms - 178[0m
[0mGET /fonts/glyphicons-halflings-regular.ttf [33m404[0m 0.521 ms - 177[0m
[0mGET /hotels/details/6360 [0m-[0m - ms - -[0m
[0mGET /hotels [36m304[0m 17.030 ms - -[0m
[0mGET /css/bootstrap.min.css [36m304[0m 0.748 ms - -[0m
[0mGET /css/styles.css [36m304[0m 3.565 ms - -[0m
[0mGET /js/bootstrap.min.js [36m304[0m 0.580 ms - -[0m
[0mGET /fonts/glyphicons-halflings-regular.woff [33m404[0m 0.503 ms - 178[0m
[0mGET /fonts/glyphicons-halflings-regular.ttf [33m404[0m 0.695 ms - 177[0m
[0mGET /hotels/details/6360 [0m-[0m - ms - -[0m
[0mGET / [36m304[0m 13.939 ms - -[0m
[0mGET /css/bootstrap.min.css [36m304[0m 3.062 ms - -[0m
[0mGET /css/styles.css [36m304[0m 4.079 ms - -[0m
[0mGET /js/bootstrap.min.js [36m304[0m 0.701 ms - -[0m
[0mGET /fonts/glyphicons-halflings-regular.woff [33m404[0m 1.430 ms - 178[0m
[0mGET /fonts/glyphicons-halflings-regular.ttf [33m404[0m 0.667 ms - 177[0m
[0mGET /hotels [36m304[0m 19.754 ms - -[0m
[0mGET /css/bootstrap.min.css [36m304[0m 0.767 ms - -[0m
[0mGET /css/styles.css [36m304[0m 0.578 ms - -[0m
[0mGET /js/bootstrap.min.js [36m304[0m 0.393 ms - -[0m
[0mGET /fonts/glyphicons-halflings-regular.woff [33m404[0m 3.998 ms - 178[0m
[0mGET /fonts/glyphicons-halflings-regular.ttf [33m404[0m 1.306 ms - 177[0m
[0mGET /hotels/details/6360 [0m-[0m - ms - -[0m
[0mGET /hotels/details/6360 [0m-[0m - ms - -[0m
[0mGET /hotels/details/307406 [0m-[0m - ms - -[0m
[0mGET /hotels/details/307406 [0m-[0m - ms - -[0m
[0mGET / [36m304[0m 14.826 ms - -[0m
[0mGET /css/bootstrap.min.css [36m304[0m 3.412 ms - -[0m
[0mGET /css/styles.css [36m304[0m 4.789 ms - -[0m
[0mGET /js/bootstrap.min.js [36m304[0m 3.621 ms - -[0m
[0mGET /fonts/glyphicons-halflings-regular.woff [33m404[0m 2.632 ms - 178[0m
[0mGET /fonts/glyphicons-halflings-regular.ttf [33m404[0m 0.988 ms - 177[0m
[0mGET /hotels [31m501[0m 3030.942 ms - 22[0m
[0mGET / [36m304[0m 14.123 ms - -[0m
[0mGET /css/bootstrap.min.css [36m304[0m 2.623 ms - -[0m
[0mGET /css/styles.css [36m304[0m 4.095 ms - -[0m
[0mGET /js/bootstrap.min.js [36m304[0m 0.647 ms - -[0m
[0mGET /fonts/glyphicons-halflings-regular.woff [33m404[0m 1.914 ms - 178[0m
[0mGET /fonts/glyphicons-halflings-regular.ttf [33m404[0m 0.798 ms - 177[0m
[0mGET /hotels [31m501[0m 5972.966 ms - 22[0m
[0mGET /hotels [31m501[0m 908.263 ms - 22[0m
[0mGET /hotels [31m501[0m 935.538 ms - 22[0m
[0mGET / [36m304[0m 8.461 ms - -[0m
[0mGET /css/bootstrap.min.css [36m304[0m 1.702 ms - -[0m
[0mGET /css/styles.css [36m304[0m 2.968 ms - -[0m
[0mGET /js/bootstrap.min.js [36m304[0m 0.563 ms - -[0m
[0mGET /fonts/glyphicons-halflings-regular.woff [33m404[0m 3.104 ms - 178[0m
[0mGET /fonts/glyphicons-halflings-regular.ttf [33m404[0m 0.670 ms - 177[0m
[0mGET /city [36m304[0m 20.993 ms - -[0m
[0mGET /css/bootstrap.min.css [36m304[0m 0.745 ms - -[0m
[0mGET /css/styles.css [36m304[0m 0.636 ms - -[0m
[0mGET /js/bootstrap.min.js [36m304[0m 0.614 ms - -[0m
[0mGET /fonts/glyphicons-halflings-regular.woff [33m404[0m 0.499 ms - 178[0m
[0mGET /fonts/glyphicons-halflings-regular.ttf [33m404[0m 0.587 ms - 177[0m
[0mGET / [36m304[0m 3.070 ms - -[0m
[0mGET /js/bootstrap.min.js [36m304[0m 1.248 ms - -[0m
[0mGET /css/bootstrap.min.css [36m304[0m 2.020 ms - -[0m
[0mGET /css/styles.css [36m304[0m 3.234 ms - -[0m
[0mGET /fonts/glyphicons-halflings-regular.woff [33m404[0m 0.547 ms - 178[0m
[0mGET /fonts/glyphicons-halflings-regular.ttf [33m404[0m 0.633 ms - 177[0m
[0mGET /hotels [31m501[0m 923.913 ms - 22[0m
